Start testing: Apr 05 16:49 CST
----------------------------------------------------------
1/7 Testing: TutorialRuns
1/7 Test: TutorialRuns
Command: "/home/zhangth/github/DesignPattern/学习CMake/cmake_tuorial/Tutorial" "25"
Directory: /home/zhangth/github/DesignPattern/学习CMake/cmake_tuorial
"TutorialRuns" start time: Apr 05 16:49 CST
Output:
----------------------------------------------------------
Computing sqrt of 25 to be 13
Computing sqrt of 25 to be 7.46154
Computing sqrt of 25 to be 5.40603
Computing sqrt of 25 to be 5.01525
Computing sqrt of 25 to be 5.00002
Computing sqrt of 25 to be 5
Computing sqrt of 25 to be 5
Computing sqrt of 25 to be 5
Computing sqrt of 25 to be 5
Computing sqrt of 25 to be 5
libMathFunctions.a  The square root of 25 is 5
my exp and log : result=1.000000
<end of output>
Test time =   0.00 sec
----------------------------------------------------------
Test Passed.
"TutorialRuns" end time: Apr 05 16:49 CST
"TutorialRuns" time elapsed: 00:00:00
----------------------------------------------------------

2/7 Testing: TutorialComp25
2/7 Test: TutorialComp25
Command: "/home/zhangth/github/DesignPattern/学习CMake/cmake_tuorial/Tutorial" "25"
Directory: /home/zhangth/github/DesignPattern/学习CMake/cmake_tuorial
"TutorialComp25" start time: Apr 05 16:49 CST
Output:
----------------------------------------------------------
Computing sqrt of 25 to be 13
Computing sqrt of 25 to be 7.46154
Computing sqrt of 25 to be 5.40603
Computing sqrt of 25 to be 5.01525
Computing sqrt of 25 to be 5.00002
Computing sqrt of 25 to be 5
Computing sqrt of 25 to be 5
Computing sqrt of 25 to be 5
Computing sqrt of 25 to be 5
Computing sqrt of 25 to be 5
libMathFunctions.a  The square root of 25 is 5
my exp and log : result=1.000000
<end of output>
Test time =   0.00 sec
----------------------------------------------------------
Test Pass Reason:
Required regular expression found.Regex=[25 is 5
]
"TutorialComp25" end time: Apr 05 16:49 CST
"TutorialComp25" time elapsed: 00:00:00
----------------------------------------------------------

3/7 Testing: TutorialNegative
3/7 Test: TutorialNegative
Command: "/home/zhangth/github/DesignPattern/学习CMake/cmake_tuorial/Tutorial" "-25"
Directory: /home/zhangth/github/DesignPattern/学习CMake/cmake_tuorial
"TutorialNegative" start time: Apr 05 16:49 CST
Output:
----------------------------------------------------------
libMathFunctions.a  The square root of -25 is 0
my exp and log : result=1.000000
<end of output>
Test time =   0.00 sec
----------------------------------------------------------
Test Pass Reason:
Required regular expression found.Regex=[-25 is 0
]
"TutorialNegative" end time: Apr 05 16:49 CST
"TutorialNegative" time elapsed: 00:00:00
----------------------------------------------------------

4/7 Testing: TutorialSmall
4/7 Test: TutorialSmall
Command: "/home/zhangth/github/DesignPattern/学习CMake/cmake_tuorial/Tutorial" "0.0001"
Directory: /home/zhangth/github/DesignPattern/学习CMake/cmake_tuorial
"TutorialSmall" start time: Apr 05 16:49 CST
Output:
----------------------------------------------------------
Computing sqrt of 0.0001 to be 0.50005
Computing sqrt of 0.0001 to be 0.250125
Computing sqrt of 0.0001 to be 0.125262
Computing sqrt of 0.0001 to be 0.0630304
Computing sqrt of 0.0001 to be 0.0323084
Computing sqrt of 0.0001 to be 0.0177018
Computing sqrt of 0.0001 to be 0.0116755
Computing sqrt of 0.0001 to be 0.0101202
Computing sqrt of 0.0001 to be 0.0100007
Computing sqrt of 0.0001 to be 0.01
libMathFunctions.a  The square root of 0.0001 is 0.01
my exp and log : result=1.000000
<end of output>
Test time =   0.00 sec
----------------------------------------------------------
Test Pass Reason:
Required regular expression found.Regex=[0.0001 is 0.01
]
"TutorialSmall" end time: Apr 05 16:49 CST
"TutorialSmall" time elapsed: 00:00:00
----------------------------------------------------------

5/7 Testing: TutorialUsage
5/7 Test: TutorialUsage
Command: "/home/zhangth/github/DesignPattern/学习CMake/cmake_tuorial/Tutorial"
Directory: /home/zhangth/github/DesignPattern/学习CMake/cmake_tuorial
"TutorialUsage" start time: Apr 05 16:49 CST
Output:
----------------------------------------------------------
Usage: /home/zhangth/github/DesignPattern/学习CMake/cmake_tuorial/Tutorial number
/home/zhangth/github/DesignPattern/学习CMake/cmake_tuorial/Tutorial Version 1.0
<end of output>
Test time =   0.00 sec
----------------------------------------------------------
Test Pass Reason:
Required regular expression found.Regex=[Usage:.*number
]
"TutorialUsage" end time: Apr 05 16:49 CST
"TutorialUsage" time elapsed: 00:00:00
----------------------------------------------------------

6/7 Testing: TutorialComp81
6/7 Test: TutorialComp81
Command: "/home/zhangth/github/DesignPattern/学习CMake/cmake_tuorial/Tutorial" "81"
Directory: /home/zhangth/github/DesignPattern/学习CMake/cmake_tuorial
"TutorialComp81" start time: Apr 05 16:49 CST
Output:
----------------------------------------------------------
Computing sqrt of 81 to be 41
Computing sqrt of 81 to be 21.4878
Computing sqrt of 81 to be 12.6287
Computing sqrt of 81 to be 9.52133
Computing sqrt of 81 to be 9.01427
Computing sqrt of 81 to be 9.00001
Computing sqrt of 81 to be 9
Computing sqrt of 81 to be 9
Computing sqrt of 81 to be 9
Computing sqrt of 81 to be 9
libMathFunctions.a  The square root of 81 is 9
my exp and log : result=1.000000
<end of output>
Test time =   0.00 sec
----------------------------------------------------------
Test Pass Reason:
Required regular expression found.Regex=[81 is 9
]
"TutorialComp81" end time: Apr 05 16:49 CST
"TutorialComp81" time elapsed: 00:00:00
----------------------------------------------------------

7/7 Testing: TutorialComp-1
7/7 Test: TutorialComp-1
Command: "/home/zhangth/github/DesignPattern/学习CMake/cmake_tuorial/Tutorial" "-1"
Directory: /home/zhangth/github/DesignPattern/学习CMake/cmake_tuorial
"TutorialComp-1" start time: Apr 05 16:49 CST
Output:
----------------------------------------------------------
libMathFunctions.a  The square root of -1 is 0
my exp and log : result=1.000000
<end of output>
Test time =   0.00 sec
----------------------------------------------------------
Test Pass Reason:
Required regular expression found.Regex=[-1 is 0
]
"TutorialComp-1" end time: Apr 05 16:49 CST
"TutorialComp-1" time elapsed: 00:00:00
----------------------------------------------------------

End testing: Apr 05 16:49 CST
